0 
1 
2 
4 
5 
6 
7 
8 
10 
11 
12 
17 
18 
21 
25 
26 
27 
28 
31 
32 
33 
35 
36 
37 
38 
39 
41 
43 
45 
48 
51 
52 
54 
55 
57 
58 
66 
68 
69 
70 
71 
72 
73 
75 
78 
82 
85 
90 
93 
94 
95 
96 
97 
98 
100 
101 
104 
105 
108 
110 
111 
112 
114 
115 
116 
117 
118 
120 
122 
125 
126 
127 
129 
130 
132 
136 
139 
140 
141 
143 
145 
147 
150 
151 
154 
155 
157 
158 
159 
160 
161 
162 
164 
168 
170 
171 
172 
173 
175 
176 
177 
181 
183 
185 
187 
188 
192 
193 
196 
197 
198 
201 
203 
204 
205 
206 
207 
208 
210 
213 
214 
215 
216 
217 
220 
224 
227 
229 
234 
236 
239 
240 
241 
242 
249 
252 
256 
258 
259 
263 
265 
266 
272 
274 
275 
276 
277 
278 
279 
280 
281 
283 
285 
289 
290 
294 
295 
296 
298 
299 
300 
304 
307 
308 
309 
310 
315 
318 
319 
320 
322 
325 
326 
327 
329 
332 
333 
334 
335 
336 
339 
343 
346 
347 
348 
349 
350 
351 
352 
354 
355 
357 
361 
362 
364 
366 
368 
373 
375 
377 
378 
379 
381 
385 
387 
388 
390 
392 
394 
395 
400 
401 
403 
405 
406 
407 
408 
411 
413 
415 
417 
419 
422 
423 
424 
427 
428 
429 
430 
432 
438 
440 
447 
448 
449 
450 
455 
456 
458 
459 
460 
461 
464 
467 
468 
469 
470 
471 
472 
477 
478 
480 
481 
482 
484 
486 
487 
489 
490 
494 
496 
499 
500 
504 
505 
509 
510 
511 
512 
513 
515 
516 
517 
518 
521 
522 
523 
524 
525 
526 
527 
529 
530 
533 
534 
538 
539 
540 
541 
546 
548 
550 
554 
558 
561 
563 
567 
568 
569 
571 
572 
573 
574 
576 
577 
578 
579 
580 
581 
583 
585 
590 
591 
593 
594 
595 
597 
598 
600 
605 
606 
608 
611 
613 
614 
617 
618 
620 
622 
623 
626 
628 
629 
631 
632 
634 
638 
639 
641 
642 
647 
648 
649 
651 
653 
657 
658 
659 
660 
661 
663 
665 
672 
673 
674 
675 
676 
678 
682 
684 
686 
687 
688 
689 
690 
692 
694 
699 
701 
703 
704 
706 
707 
708 
709 
710 
711 
712 
716 
718 
719 
720 
721 
722 
723 
730 
731 
732 
733 
735 
736 
738 
740 
742 
744 
745 
746 
749 
752 
758 
759 
760 
762 
763 
765 
766 
769 
774 
775 
778 
780 
782 
783 
784 
788 
789 
790 
792 
793 
795 
797 
798 
800 
801 
803 
804 
805 
809 
810 
811 
812 
813 
814 
815 
819 
820 
823 
825 
826 
829 
830 
831 
832 
834 
837 
838 
839 
841 
842 
843 
844 
846 
849 
851 
852 
853 
854 
855 
857 
858 
859 
860 
862 
865 
867 
868 
871 
874 
878 
879 
883 
884 
885 
886 
887 
888 
890 
893 
895 
897 
899 
900 
903 
904 
905 
906 
910 
911 
912 
913 
914 
918 
919 
920 
921 
922 
923 
925 
926 
928 
932 
934 
935 
937 
940 
942 
943 
944 
945 
946 
947 
948 
949 
950 
952 
956 
958 
960 
963 
964 
966 
967 
970 
972 
975 
978 
980 
981 
982 
983 
984 
988 
989 
991 
992 
995 
998 

6 415 
6 472 
6 913 
8 71 
8 684 
11 995 
12 39 
12 120 
12 132 
12 227 
12 350 
12 401 
12 638 
12 782 
12 885 
21 57 
21 413 
21 793 
27 58 
27 354 
27 357 
27 440 
27 480 
27 517 
27 752 
27 883 
27 893 
27 982 
31 125 
31 362 
32 217 
32 368 
32 516 
32 744 
33 217 
33 283 
33 346 
33 515 
33 883 
38 71 
38 252 
38 283 
39 350 
39 368 
39 419 
39 440 
39 470 
39 580 
39 704 
39 825 
39 832 
39 871 
39 970 
39 988 
43 440 
48 126 
48 361 
48 878 
52 598 
57 368 
57 658 
57 937 
58 354 
58 357 
58 480 
58 752 
68 449 
69 362 
70 623 
70 684 
70 765 
70 819 
71 252 
71 283 
71 336 
71 354 
71 438 
71 509 
71 526 
71 593 
71 617 
71 684 
71 766 
71 921 
71 937 
71 989 
72 541 
75 355 
75 368 
75 438 
75 684 
75 766 
75 775 
78 177 
78 634 
78 738 
93 538 
93 874 
93 921 
93 932 
94 926 
100 362 
101 903 
105 494 
105 815 
105 944 
112 275 
116 653 
116 673 
120 132 
120 350 
120 354 
120 368 
120 538 
120 546 
120 593 
120 623 
120 638 
120 766 
120 829 
120 862 
120 878 
120 885 
120 895 
126 361 
126 878 
132 638 
132 885 
140 217 
145 160 
145 593 
145 674 
145 795 
145 885 
147 229 
147 657 
147 778 
147 903 
150 204 
150 236 
150 826 
150 852 
150 906 
151 266 
151 988 
154 168 
154 272 
154 628 
154 722 
158 354 
158 583 
158 617 
168 272 
168 628 
172 464 
172 538 
175 177 
175 910 
177 310 
177 572 
177 600 
177 653 
177 692 
177 709 
177 775 
177 914 
177 970 
183 204 
192 638 
192 935 
196 217 
196 674 
204 236 
204 334 
204 703 
204 826 
204 852 
204 895 
204 906 
205 368 
205 538 
207 798 
215 487 
217 283 
217 346 
217 354 
217 394 
217 487 
217 510 
217 515 
217 529 
217 546 
217 561 
217 577 
217 661 
217 805 
217 888 
217 923 
217 947 
227 390 
227 722 
229 657 
229 778 
229 903 
236 240 
236 826 
236 852 
236 906 
236 956 
240 956 
242 684 
252 283 
252 913 
256 378 
256 487 
256 510 
256 912 
256 978 
266 988 
272 628 
276 413 
276 468 
276 960 
279 428 
279 826 
283 346 
283 375 
283 385 
283 515 
283 526 
283 721 
283 731 
283 778 
283 790 
283 885 
296 368 
310 600 
310 709 
310 970 
318 413 
318 788 
318 956 
326 526 
326 766 
329 417 
329 692 
334 895 
336 354 
336 509 
336 593 
336 921 
336 989 
346 515 
346 561 
346 888 
348 912 
349 351 
349 464 
349 634 
350 411 
350 572 
350 579 
350 782 
350 803 
350 842 
350 970 
351 464 
351 634 
354 357 
354 480 
354 509 
354 583 
354 593 
354 617 
354 722 
354 752 
354 885 
354 921 
354 989 
355 438 
355 684 
357 480 
357 752 
361 878 
362 438 
362 563 
362 752 
362 838 
362 918 
368 438 
368 460 
368 470 
368 529 
368 538 
368 653 
368 658 
368 676 
368 682 
368 684 
368 692 
368 795 
368 829 
368 860 
368 914 
368 937 
375 385 
375 721 
375 731 
375 790 
375 885 
378 487 
378 510 
378 912 
378 978 
379 438 
385 460 
385 684 
385 721 
385 731 
385 790 
385 885 
390 722 
392 461 
392 489 
392 569 
392 801 
392 862 
394 487 
394 510 
395 854 
395 895 
401 460 
401 918 
403 722 
411 572 
411 579 
411 803 
411 842 
413 788 
413 956 
415 913 
419 665 
419 722 
419 793 
419 797 
419 844 
419 984 
428 826 
438 684 
438 738 
438 966 
440 482 
440 494 
440 517 
440 647 
440 883 
440 893 
440 982 
448 538 
448 780 
448 878 
448 887 
449 895 
450 937 
455 752 
459 675 
459 701 
460 684 
460 923 
460 944 
461 569 
461 801 
461 862 
464 538 
464 634 
468 960 
470 534 
470 659 
470 793 
470 810 
470 995 
472 844 
477 944 
480 752 
486 684 
486 766 
487 510 
487 522 
487 912 
487 978 
494 517 
494 631 
494 647 
494 815 
494 883 
494 893 
494 944 
494 982 
496 626 
509 569 
509 593 
509 921 
509 937 
509 989 
510 912 
510 978 
516 523 
516 733 
516 744 
516 998 
517 647 
517 722 
517 883 
517 893 
517 982 
522 617 
522 937 
523 733 
523 998 
526 722 
529 594 
529 598 
529 653 
529 782 
534 995 
538 634 
538 874 
538 878 
538 921 
538 932 
539 812 
539 829 
546 661 
546 923 
546 947 
561 888 
561 919 
568 878 
569 801 
569 862 
571 623 
571 795 
571 853 
572 579 
572 803 
572 842 
579 581 
579 803 
579 832 
579 842 
579 966 
580 795 
580 832 
580 871 
580 988 
581 966 
583 617 
593 862 
593 895 
593 921 
593 989 
598 782 
600 709 
600 970 
605 780 
614 658 
617 885 
617 937 
623 795 
623 853 
631 735 
631 752 
631 780 
647 883 
647 893 
647 982 
657 778 
657 903 
658 682 
659 810 
661 720 
661 780 
661 923 
661 947 
674 895 
675 701 
675 886 
675 921 
684 765 
684 766 
684 778 
684 819 
684 829 
703 895 
704 722 
704 825 
704 884 
707 867 
709 970 
720 766 
720 780 
721 731 
721 790 
721 885 
722 774 
731 790 
731 885 
733 998 
735 780 
746 788 
765 819 
766 914 
766 960 
775 862 
778 862 
778 903 
780 878 
780 887 
780 935 
788 956 
789 829 
790 885 
793 984 
793 995 
795 853 
795 995 
798 826 
801 862 
803 842 
804 983 
809 829 
812 829 
815 944 
826 852 
826 906 
832 871 
832 988 
852 906 
854 895 
854 899 
862 895 
862 906 
871 988 
874 921 
874 932 
878 887 
883 893 
883 982 
893 982 
895 966 
912 978 
914 919 
921 932 
921 989 
923 947 

6 415 913 
12 120 638 
27 58 354 
27 58 357 
27 58 480 
27 58 752 
27 354 357 
27 354 480 
27 354 752 
27 357 480 
27 357 752 
27 440 517 
27 440 883 
27 440 893 
27 440 982 
27 480 752 
27 517 883 
27 517 893 
27 517 982 
27 883 893 
27 883 982 
27 893 982 
32 516 744 
33 217 283 
33 217 346 
33 217 515 
33 283 346 
33 283 515 
33 346 515 
38 71 252 
38 71 283 
38 252 283 
39 580 832 
39 580 871 
39 580 988 
39 704 825 
39 832 871 
39 832 988 
39 871 988 
48 126 361 
48 126 878 
48 361 878 
57 368 937 
58 354 357 
58 354 480 
58 354 752 
58 357 480 
58 357 752 
58 480 752 
70 684 765 
70 684 819 
70 765 819 
71 252 283 
71 336 354 
71 336 509 
71 336 593 
71 336 921 
71 336 989 
71 354 509 
71 354 593 
71 354 921 
71 354 989 
71 438 684 
71 509 593 
71 509 921 
71 509 989 
71 593 921 
71 593 989 
71 921 989 
75 355 438 
75 355 684 
75 438 684 
93 538 874 
93 538 921 
93 874 921 
105 494 815 
105 494 944 
105 815 944 
120 538 878 
126 361 878 
150 204 236 
150 204 826 
150 204 852 
150 204 906 
150 236 826 
150 236 852 
150 236 906 
150 826 852 
150 826 906 
150 852 906 
151 266 988 
154 168 272 
154 168 628 
154 272 628 
158 354 583 
158 354 617 
158 583 617 
168 272 628 
172 464 538 
177 310 600 
177 310 709 
177 310 970 
177 600 709 
177 600 970 
177 709 970 
204 236 826 
204 236 852 
204 236 906 
204 703 895 
204 826 852 
204 826 906 
204 852 906 
217 283 346 
217 283 515 
217 346 515 
217 346 561 
217 346 888 
217 394 487 
217 394 510 
217 487 510 
217 546 661 
217 546 923 
217 546 947 
217 561 888 
217 661 923 
217 661 947 
217 923 947 
227 390 722 
236 240 956 
236 826 852 
236 826 906 
236 852 906 
256 378 487 
256 378 510 
256 378 912 
256 378 978 
256 487 510 
256 487 912 
256 487 978 
256 510 912 
256 510 978 
256 912 978 
276 468 960 
279 428 826 
283 346 515 
283 375 385 
283 375 721 
283 375 731 
283 375 790 
283 375 885 
283 385 721 
283 385 731 
283 385 790 
283 385 885 
283 721 731 
283 721 790 
283 721 885 
283 731 790 
283 731 885 
283 790 885 
310 600 709 
310 600 970 
310 709 970 
318 413 788 
318 413 956 
318 788 956 
336 354 509 
336 354 593 
336 354 921 
336 354 989 
336 509 593 
336 509 921 
336 509 989 
336 593 921 
336 593 989 
336 921 989 
346 561 888 
349 351 464 
349 351 634 
349 464 634 
350 411 572 
350 411 579 
350 411 803 
350 411 842 
350 572 579 
350 572 803 
350 572 842 
350 579 803 
350 579 842 
350 803 842 
351 464 634 
354 357 480 
354 357 752 
354 480 752 
354 509 593 
354 509 921 
354 509 989 
354 583 617 
354 593 921 
354 593 989 
354 921 989 
355 438 684 
357 480 752 
368 658 682 
375 385 721 
375 385 731 
375 385 790 
375 385 885 
375 721 731 
375 721 790 
375 721 885 
375 731 790 
375 731 885 
375 790 885 
378 487 510 
378 487 912 
378 487 978 
378 510 912 
378 510 978 
378 912 978 
385 460 684 
385 721 731 
385 721 790 
385 721 885 
385 731 790 
385 731 885 
385 790 885 
392 461 569 
392 461 801 
392 461 862 
392 569 801 
392 569 862 
392 801 862 
394 487 510 
395 854 895 
411 572 579 
411 572 803 
411 572 842 
411 579 803 
411 579 842 
411 803 842 
413 788 956 
440 494 517 
440 494 883 
440 494 893 
440 494 982 
440 517 647 
440 517 883 
440 517 893 
440 517 982 
440 647 883 
440 647 893 
440 647 982 
440 883 893 
440 883 982 
440 893 982 
448 780 878 
448 780 887 
448 878 887 
459 675 701 
461 569 801 
461 569 862 
461 801 862 
470 534 995 
470 659 810 
487 510 912 
487 510 978 
487 912 978 
494 517 883 
494 517 893 
494 517 982 
494 815 944 
494 883 893 
494 883 982 
494 893 982 
509 593 921 
509 593 989 
509 921 989 
510 912 978 
516 523 733 
516 523 998 
516 733 998 
517 647 883 
517 647 893 
517 647 982 
517 883 893 
517 883 982 
517 893 982 
523 733 998 
529 598 782 
538 874 921 
538 874 932 
538 921 932 
539 812 829 
546 661 923 
546 661 947 
546 923 947 
569 801 862 
571 623 795 
571 623 853 
571 795 853 
572 579 803 
572 579 842 
572 803 842 
579 581 966 
579 803 842 
580 832 871 
580 832 988 
580 871 988 
593 921 989 
600 709 970 
623 795 853 
631 735 780 
647 883 893 
647 883 982 
647 893 982 
661 720 780 
661 923 947 
684 765 819 
721 731 790 
721 731 885 
721 790 885 
731 790 885 
780 878 887 
826 852 906 
832 871 988 
874 921 932 
883 893 982 

27 58 354 357 
27 58 354 480 
27 58 354 752 
27 58 357 480 
27 58 357 752 
27 58 480 752 
27 354 357 480 
27 354 357 752 
27 354 480 752 
27 357 480 752 
27 440 517 883 
27 440 517 893 
27 440 517 982 
27 440 883 893 
27 440 883 982 
27 440 893 982 
27 517 883 893 
27 517 883 982 
27 517 893 982 
27 883 893 982 
33 217 283 346 
33 217 283 515 
33 217 346 515 
33 283 346 515 
38 71 252 283 
39 580 832 871 
39 580 832 988 
39 580 871 988 
39 832 871 988 
48 126 361 878 
58 354 357 480 
58 354 357 752 
58 354 480 752 
58 357 480 752 
70 684 765 819 
71 336 354 509 
71 336 354 593 
71 336 354 921 
71 336 354 989 
71 336 509 593 
71 336 509 921 
71 336 509 989 
71 336 593 921 
71 336 593 989 
71 336 921 989 
71 354 509 593 
71 354 509 921 
71 354 509 989 
71 354 593 921 
71 354 593 989 
71 354 921 989 
71 509 593 921 
71 509 593 989 
71 509 921 989 
71 593 921 989 
75 355 438 684 
93 538 874 921 
105 494 815 944 
150 204 236 826 
150 204 236 852 
150 204 236 906 
150 204 826 852 
150 204 826 906 
150 204 852 906 
150 236 826 852 
150 236 826 906 
150 236 852 906 
150 826 852 906 
154 168 272 628 
158 354 583 617 
177 310 600 709 
177 310 600 970 
177 310 709 970 
177 600 709 970 
204 236 826 852 
204 236 826 906 
204 236 852 906 
204 826 852 906 
217 283 346 515 
217 346 561 888 
217 394 487 510 
217 546 661 923 
217 546 661 947 
217 546 923 947 
217 661 923 947 
236 826 852 906 
256 378 487 510 
256 378 487 912 
256 378 487 978 
256 378 510 912 
256 378 510 978 
256 378 912 978 
256 487 510 912 
256 487 510 978 
256 487 912 978 
256 510 912 978 
283 375 385 721 
283 375 385 731 
283 375 385 790 
283 375 385 885 
283 375 721 731 
283 375 721 790 
283 375 721 885 
283 375 731 790 
283 375 731 885 
283 375 790 885 
283 385 721 731 
283 385 721 790 
283 385 721 885 
283 385 731 790 
283 385 731 885 
283 385 790 885 
283 721 731 790 
283 721 731 885 
283 721 790 885 
283 731 790 885 
310 600 709 970 
318 413 788 956 
336 354 509 593 
336 354 509 921 
336 354 509 989 
336 354 593 921 
336 354 593 989 
336 354 921 989 
336 509 593 921 
336 509 593 989 
336 509 921 989 
336 593 921 989 
349 351 464 634 
350 411 572 579 
350 411 572 803 
350 411 572 842 
350 411 579 803 
350 411 579 842 
350 411 803 842 
350 572 579 803 
350 572 579 842 
350 572 803 842 
350 579 803 842 
354 357 480 752 
354 509 593 921 
354 509 593 989 
354 509 921 989 
354 593 921 989 
375 385 721 731 
375 385 721 790 
375 385 721 885 
375 385 731 790 
375 385 731 885 
375 385 790 885 
375 721 731 790 
375 721 731 885 
375 721 790 885 
375 731 790 885 
378 487 510 912 
378 487 510 978 
378 487 912 978 
378 510 912 978 
385 721 731 790 
385 721 731 885 
385 721 790 885 
385 731 790 885 
392 461 569 801 
392 461 569 862 
392 461 801 862 
392 569 801 862 
411 572 579 803 
411 572 579 842 
411 572 803 842 
411 579 803 842 
440 494 517 883 
440 494 517 893 
440 494 517 982 
440 494 883 893 
440 494 883 982 
440 494 893 982 
440 517 647 883 
440 517 647 893 
440 517 647 982 
440 517 883 893 
440 517 883 982 
440 517 893 982 
440 647 883 893 
440 647 883 982 
440 647 893 982 
440 883 893 982 
448 780 878 887 
461 569 801 862 
487 510 912 978 
494 517 883 893 
494 517 883 982 
494 517 893 982 
494 883 893 982 
509 593 921 989 
516 523 733 998 
517 647 883 893 
517 647 883 982 
517 647 893 982 
517 883 893 982 
538 874 921 932 
546 661 923 947 
571 623 795 853 
572 579 803 842 
580 832 871 988 
647 883 893 982 
721 731 790 885 

27 58 354 357 480 
27 58 354 357 752 
27 58 354 480 752 
27 58 357 480 752 
27 354 357 480 752 
27 440 517 883 893 
27 440 517 883 982 
27 440 517 893 982 
27 440 883 893 982 
27 517 883 893 982 
33 217 283 346 515 
39 580 832 871 988 
58 354 357 480 752 
71 336 354 509 593 
71 336 354 509 921 
71 336 354 509 989 
71 336 354 593 921 
71 336 354 593 989 
71 336 354 921 989 
71 336 509 593 921 
71 336 509 593 989 
71 336 509 921 989 
71 336 593 921 989 
71 354 509 593 921 
71 354 509 593 989 
71 354 509 921 989 
71 354 593 921 989 
71 509 593 921 989 
150 204 236 826 852 
150 204 236 826 906 
150 204 236 852 906 
150 204 826 852 906 
150 236 826 852 906 
177 310 600 709 970 
204 236 826 852 906 
217 546 661 923 947 
256 378 487 510 912 
256 378 487 510 978 
256 378 487 912 978 
256 378 510 912 978 
256 487 510 912 978 
283 375 385 721 731 
283 375 385 721 790 
283 375 385 721 885 
283 375 385 731 790 
283 375 385 731 885 
283 375 385 790 885 
283 375 721 731 790 
283 375 721 731 885 
283 375 721 790 885 
283 375 731 790 885 
283 385 721 731 790 
283 385 721 731 885 
283 385 721 790 885 
283 385 731 790 885 
283 721 731 790 885 
336 354 509 593 921 
336 354 509 593 989 
336 354 509 921 989 
336 354 593 921 989 
336 509 593 921 989 
350 411 572 579 803 
350 411 572 579 842 
350 411 572 803 842 
350 411 579 803 842 
350 572 579 803 842 
354 509 593 921 989 
375 385 721 731 790 
375 385 721 731 885 
375 385 721 790 885 
375 385 731 790 885 
375 721 731 790 885 
378 487 510 912 978 
385 721 731 790 885 
392 461 569 801 862 
411 572 579 803 842 
440 494 517 883 893 
440 494 517 883 982 
440 494 517 893 982 
440 494 883 893 982 
440 517 647 883 893 
440 517 647 883 982 
440 517 647 893 982 
440 517 883 893 982 
440 647 883 893 982 
494 517 883 893 982 
517 647 883 893 982 

27 58 354 357 480 752 
27 440 517 883 893 982 
71 336 354 509 593 921 
71 336 354 509 593 989 
71 336 354 509 921 989 
71 336 354 593 921 989 
71 336 509 593 921 989 
71 354 509 593 921 989 
150 204 236 826 852 906 
256 378 487 510 912 978 
283 375 385 721 731 790 
283 375 385 721 731 885 
283 375 385 721 790 885 
283 375 385 731 790 885 
283 375 721 731 790 885 
283 385 721 731 790 885 
336 354 509 593 921 989 
350 411 572 579 803 842 
375 385 721 731 790 885 
440 494 517 883 893 982 
440 517 647 883 893 982 

71 336 354 509 593 921 989 
283 375 385 721 731 790 885 

