1 
4 
5 
6 
7 
8 
10 
12 
17 
21 
25 
27 
28 
31 
32 
33 
35 
37 
38 
39 
43 
45 
48 
52 
54 
55 
57 
58 
68 
69 
70 
71 
72 
73 
75 
78 
85 
90 
93 
94 
95 
97 
100 
104 
108 
110 
111 
112 
114 
115 
116 
117 
118 
120 
122 
125 
126 
129 
130 
132 
136 
140 
143 
145 
147 
150 
151 
154 
155 
157 
158 
160 
161 
162 
164 
168 
170 
171 
172 
173 
175 
176 
177 
181 
183 
185 
192 
193 
196 
197 
198 
201 
203 
204 
205 
206 
207 
208 
210 
213 
214 
215 
217 
220 
227 
229 
234 
236 
239 
240 
241 
242 
249 
252 
256 
258 
259 
265 
266 
272 
274 
275 
276 
277 
279 
280 
283 
285 
290 
294 
296 
298 
304 
307 
308 
309 
310 
318 
319 
320 
322 
326 
327 
329 
332 
334 
336 
339 
343 
346 
348 
349 
350 
351 
352 
354 
355 
357 
361 
362 
364 
366 
368 
373 
377 
378 
381 
385 
387 
388 
390 
392 
394 
395 
400 
401 
403 
405 
406 
411 
413 
415 
417 
419 
422 
423 
424 
427 
428 
429 
430 
432 
438 
440 
447 
448 
449 
450 
455 
456 
458 
460 
461 
464 
468 
469 
470 
471 
472 
477 
480 
481 
484 
486 
487 
489 
490 
494 
496 
499 
500 
504 
505 
509 
510 
511 
513 
515 
516 
517 
521 
522 
523 
526 
527 
529 
530 
534 
538 
539 
541 
546 
548 
550 
554 
561 
563 
567 
568 
569 
571 
572 
573 
574 
576 
577 
578 
579 
580 
581 
583 
585 
591 
593 
594 
595 
597 
598 
600 
605 
606 
611 
614 
617 
618 
620 
623 
628 
631 
632 
634 
638 
639 
641 
642 
647 
649 
651 
653 
657 
658 
661 
663 
665 
672 
673 
674 
675 
676 
678 
682 
684 
686 
687 
688 
689 
692 
694 
699 
701 
703 
704 
706 
707 
708 
709 
710 
711 
712 
718 
720 
721 
722 
723 
731 
732 
733 
735 
736 
738 
740 
742 
744 
745 
746 
752 
758 
760 
763 
765 
766 
769 
774 
775 
778 
780 
782 
783 
784 
788 
789 
790 
792 
793 
795 
797 
798 
800 
801 
803 
804 
805 
809 
810 
812 
814 
815 
819 
820 
823 
825 
826 
829 
830 
832 
834 
838 
839 
841 
842 
843 
844 
846 
849 
851 
852 
853 
854 
855 
857 
859 
860 
862 
867 
871 
874 
878 
879 
883 
884 
885 
886 
887 
888 
890 
893 
895 
897 
899 
903 
905 
906 
910 
912 
913 
914 
918 
919 
921 
922 
923 
925 
928 
932 
935 
937 
940 
944 
946 
947 
948 
949 
950 
952 
956 
960 
963 
964 
966 
967 
970 
975 
978 
981 
982 
983 
984 
988 
989 
991 
992 
995 
998 

8 684 
12 39 
12 120 
27 58 
27 354 
27 357 
27 480 
27 752 
33 217 
33 283 
33 346 
33 515 
33 883 
38 283 
39 580 
39 704 
39 825 
39 871 
48 126 
57 937 
58 354 
58 357 
58 480 
58 752 
69 362 
70 684 
70 765 
70 819 
71 283 
71 336 
71 354 
71 438 
71 509 
71 593 
71 766 
71 989 
72 541 
75 438 
75 684 
116 673 
120 354 
120 829 
120 885 
145 674 
145 795 
150 204 
150 236 
150 852 
150 906 
151 266 
154 168 
158 354 
158 583 
158 617 
175 177 
177 310 
177 600 
177 709 
177 970 
192 935 
196 674 
204 236 
204 852 
204 906 
217 283 
217 346 
217 394 
217 487 
217 510 
217 515 
217 561 
217 661 
217 888 
217 947 
227 390 
236 852 
236 906 
276 960 
279 428 
279 826 
283 346 
283 515 
296 368 
310 600 
310 709 
310 970 
336 354 
336 989 
346 515 
346 561 
346 888 
348 912 
350 411 
350 572 
350 579 
350 842 
354 357 
354 480 
354 509 
354 583 
354 617 
354 752 
354 989 
357 480 
357 752 
362 752 
368 438 
368 460 
368 529 
368 658 
368 682 
368 829 
368 937 
392 461 
392 569 
392 801 
392 862 
394 487 
394 510 
395 854 
395 895 
401 460 
411 579 
411 803 
411 842 
419 844 
428 826 
438 684 
440 883 
460 684 
461 569 
461 801 
461 862 
470 534 
470 995 
480 752 
487 510 
494 883 
509 569 
516 523 
516 733 
516 744 
516 998 
517 883 
517 982 
522 937 
523 733 
523 998 
529 598 
529 782 
534 995 
538 878 
538 921 
561 888 
561 919 
569 801 
569 862 
571 623 
571 795 
571 853 
579 803 
579 842 
580 871 
581 966 
583 617 
598 782 
617 885 
623 795 
623 853 
658 682 
661 720 
661 780 
684 766 
684 819 
704 825 
709 970 
720 780 
721 885 
733 998 
765 819 
780 887 
788 956 
789 829 
795 853 
795 995 
801 862 
826 906 
852 906 
854 899 
874 921 
923 947 

27 58 354 
27 58 357 
27 58 480 
27 58 752 
27 354 357 
27 354 480 
27 354 752 
27 357 480 
27 357 752 
27 480 752 
33 217 283 
33 217 346 
33 217 515 
33 283 346 
33 283 515 
33 346 515 
39 704 825 
58 354 357 
58 354 480 
58 354 752 
58 357 480 
58 357 752 
58 480 752 
70 684 819 
70 765 819 
71 336 354 
71 336 989 
71 354 989 
75 438 684 
150 204 236 
150 204 852 
150 204 906 
150 236 852 
150 236 906 
150 852 906 
158 354 583 
158 354 617 
158 583 617 
177 310 600 
177 310 709 
177 310 970 
204 236 852 
204 236 906 
204 852 906 
217 283 346 
217 283 515 
217 346 515 
217 346 561 
217 346 888 
217 394 487 
217 394 510 
217 487 510 
217 561 888 
236 852 906 
279 428 826 
283 346 515 
310 709 970 
336 354 989 
346 561 888 
350 411 579 
350 411 842 
350 579 842 
354 357 480 
354 357 752 
354 480 752 
354 583 617 
357 480 752 
392 461 569 
392 461 801 
392 461 862 
392 569 801 
392 569 862 
392 801 862 
394 487 510 
411 579 842 
461 569 801 
461 569 862 
461 801 862 
470 534 995 
516 523 733 
516 523 998 
516 733 998 
523 733 998 
529 598 782 
569 801 862 
571 623 795 
571 623 853 
571 795 853 
623 795 853 
661 720 780 

27 58 354 357 
27 58 354 480 
27 58 354 752 
27 58 357 480 
27 58 357 752 
27 58 480 752 
27 354 357 480 
27 354 357 752 
27 354 480 752 
27 357 480 752 
33 217 283 346 
33 217 283 515 
33 217 346 515 
33 283 346 515 
58 354 357 480 
58 354 357 752 
58 354 480 752 
58 357 480 752 
71 336 354 989 
150 204 236 852 
150 204 236 906 
150 204 852 906 
150 236 852 906 
158 354 583 617 
204 236 852 906 
217 283 346 515 
217 346 561 888 
217 394 487 510 
350 411 579 842 
354 357 480 752 
392 461 569 801 
392 461 569 862 
392 461 801 862 
392 569 801 862 
461 569 801 862 
516 523 733 998 
571 623 795 853 

27 58 354 357 480 
27 58 354 357 752 
27 58 354 480 752 
27 58 357 480 752 
27 354 357 480 752 
33 217 283 346 515 
58 354 357 480 752 
150 204 236 852 906 
392 461 569 801 862 

27 58 354 357 480 752 

